<?xml version="1.0" encoding="UTF-8"?>
<testng-results ignored="0" total="1" passed="1" failed="0" skipped="0">
  <reporter-output>
  </reporter-output>
  <suite started-at="2023-01-01T18:49:13 CST" name="Surefire suite" finished-at="2023-01-01T18:49:39 CST" duration-ms="26022">
    <groups>
      <group name="cucumber">
        <method signature="AbstractTestNGCucumberTests.feature(cucumber.api.testng.CucumberFeatureWrapper)[pri:0, instance:TestRunnerrr.TestRunnerrr@14555e0a]" name="feature" class="cucumber.api.testng.AbstractTestNGCucumberTests"/>
      </group> <!-- cucumber -->
    </groups>
    <test started-at="2023-01-01T18:49:13 CST" name="Surefire test" finished-at="2023-01-01T18:49:39 CST" duration-ms="26022">
      <class name="TestRunnerrr.TestRunnerrr">
        <test-method is-config="true" signature="metasetup()[pri:0, instance:TestRunnerrr.TestRunnerrr@14555e0a]" started-at="2023-01-01T18:49:13 CST" name="metasetup" finished-at="2023-01-01T18:49:17 CST" duration-ms="3635" status="PASS">
          <reporter-output>
          </reporter-output>
        </test-method> <!-- metasetup -->
        <test-method is-config="true" signature="setUpClass()[pri:0, instance:TestRunnerrr.TestRunnerrr@14555e0a]" started-at="2023-01-01T18:49:17 CST" name="setUpClass" finished-at="2023-01-01T18:49:17 CST" duration-ms="208" status="PASS">
          <reporter-output>
          </reporter-output>
        </test-method> <!-- setUpClass -->
        <test-method signature="feature(cucumber.api.testng.CucumberFeatureWrapper)[pri:0, instance:TestRunnerrr.TestRunnerrr@14555e0a]" started-at="2023-01-01T18:49:17 CST" name="feature" description="Runs Cucumber Feature" data-provider="features" finished-at="2023-01-01T18:49:39 CST" duration-ms="21719" status="PASS">
          <params>
            <param index="0">
              <value>
                <![CDATA[This feature is for login functionality]]>
              </value>
            </param>
          </params>
          <reporter-output>
          </reporter-output>
        </test-method> <!-- feature -->
        <test-method is-config="true" signature="tearDownClass()[pri:0, instance:TestRunnerrr.TestRunnerrr@14555e0a]" started-at="2023-01-01T18:49:39 CST" name="tearDownClass" finished-at="2023-01-01T18:49:39 CST" duration-ms="9" status="PASS">
          <reporter-output>
          </reporter-output>
        </test-method> <!-- tearDownClass -->
        <test-method is-config="true" signature="metaCloseURL()[pri:0, instance:TestRunnerrr.TestRunnerrr@14555e0a]" started-at="2023-01-01T18:49:39 CST" name="metaCloseURL" finished-at="2023-01-01T18:49:39 CST" duration-ms="284" status="PASS">
          <reporter-output>
          </reporter-output>
        </test-method> <!-- metaCloseURL -->
      </class> <!-- TestRunnerrr.TestRunnerrr -->
    </test> <!-- Surefire test -->
  </suite> <!-- Surefire suite -->
</testng-results>
