<?xml version="1.0" encoding="UTF-8"?>
<testng-results ignored="0" total="1" passed="1" failed="0" skipped="0">
  <reporter-output>
  </reporter-output>
  <suite started-at="2023-01-05T10:17:02 CST" name="Default suite" finished-at="2023-01-05T10:17:27 CST" duration-ms="24283">
    <groups>
      <group name="cucumber">
        <method signature="AbstractTestNGCucumberTests.feature(cucumber.api.testng.CucumberFeatureWrapper)[pri:0, instance:TestRunnerrr.TestRunnerrr@5890e879]" name="feature" class="cucumber.api.testng.AbstractTestNGCucumberTests"/>
      </group> <!-- cucumber -->
    </groups>
    <test started-at="2023-01-05T10:17:02 CST" name="Default test" finished-at="2023-01-05T10:17:27 CST" duration-ms="24283">
      <class name="TestRunnerrr.TestRunnerrr">
        <test-method is-config="true" signature="metasetup()[pri:0, instance:TestRunnerrr.TestRunnerrr@5890e879]" started-at="2023-01-05T10:17:02 CST" name="metasetup" finished-at="2023-01-05T10:17:05 CST" duration-ms="2623" status="PASS">
          <reporter-output>
          </reporter-output>
        </test-method> <!-- metasetup -->
        <test-method is-config="true" signature="setUpClass()[pri:0, instance:TestRunnerrr.TestRunnerrr@5890e879]" started-at="2023-01-05T10:17:05 CST" name="setUpClass" finished-at="2023-01-05T10:17:05 CST" duration-ms="180" status="PASS">
          <reporter-output>
          </reporter-output>
        </test-method> <!-- setUpClass -->
        <test-method signature="feature(cucumber.api.testng.CucumberFeatureWrapper)[pri:0, instance:TestRunnerrr.TestRunnerrr@5890e879]" started-at="2023-01-05T10:17:05 CST" name="feature" description="Runs Cucumber Feature" data-provider="features" finished-at="2023-01-05T10:17:26 CST" duration-ms="21097" status="PASS">
          <params>
            <param index="0">
              <value>
                <![CDATA[This feature is for login functionality]]>
              </value>
            </param>
          </params>
          <reporter-output>
          </reporter-output>
        </test-method> <!-- feature -->
        <test-method is-config="true" signature="tearDownClass()[pri:0, instance:TestRunnerrr.TestRunnerrr@5890e879]" started-at="2023-01-05T10:17:26 CST" name="tearDownClass" finished-at="2023-01-05T10:17:26 CST" duration-ms="8" status="PASS">
          <reporter-output>
          </reporter-output>
        </test-method> <!-- tearDownClass -->
        <test-method is-config="true" signature="metaCloseURL()[pri:0, instance:TestRunnerrr.TestRunnerrr@5890e879]" started-at="2023-01-05T10:17:26 CST" name="metaCloseURL" finished-at="2023-01-05T10:17:27 CST" duration-ms="253" status="PASS">
          <reporter-output>
          </reporter-output>
        </test-method> <!-- metaCloseURL -->
      </class> <!-- TestRunnerrr.TestRunnerrr -->
    </test> <!-- Default test -->
  </suite> <!-- Default suite -->
</testng-results>
